<?xml version="1.0" encoding="UTF-8"?>
<!-- Generated by org.testng.reporters.JUnitReportReporter -->
<testsuite hostname="EMPIER" name="TestCases.test_login" tests="1" failures="0" timestamp="21 Dec 2021 16:55:46 GMT" time="29.064" errors="0">
  <testcase name="LoginTest" time="29.064" classname="TestCases.test_login"/>
</testsuite> <!-- TestCases.test_login -->
